Flow report for fyp_max10_tse_top
Sun Feb 17 13:43:56 2019
Quartus Prime Version 18.1.0 Build 625 09/12/2018 SJ Lite Edition


---------------------
; Table of Contents ;
---------------------
  1. Legal Notice
  2. Flow Summary
  3. Flow Settings
  4. Flow Non-Default Global Settings
  5. Flow Elapsed Time
  6. Flow OS Summary
  7. Flow Log
  8. Flow Messages
  9. Flow Suppressed Messages



----------------
; Legal Notice ;
----------------
Copyright (C) 2018  Intel Corporation. All rights reserved.
Your use of Intel Corporation's design tools, logic functions 
and other software and tools, and its AMPP partner logic 
functions, and any output files from any of the foregoing 
(including device programming or simulation files), and any 
associated documentation or information are expressly subject 
to the terms and conditions of the Intel Program License 
Subscription Agreement, the Intel Quartus Prime License Agreement,
the Intel FPGA IP License Agreement, or other applicable license
agreement, including, without limitation, that your use is for
the sole purpose of programming logic devices manufactured by
Intel and sold by Intel or its authorized distributors.  Please
refer to the applicable agreement for further details.



+----------------------------------------------------------------------------------+
; Flow Summary                                                                     ;
+------------------------------------+---------------------------------------------+
; Flow Status                        ; Successful - Sun Feb 17 13:43:41 2019       ;
; Quartus Prime Version              ; 18.1.0 Build 625 09/12/2018 SJ Lite Edition ;
; Revision Name                      ; fyp_max10_tse_top                           ;
; Top-level Entity Name              ; fyp_max10_tse_top                           ;
; Family                             ; MAX 10                                      ;
; Device                             ; 10M50DAF484C6GES                            ;
; Timing Models                      ; Preliminary                                 ;
; Total logic elements               ; 7,981 / 49,760 ( 16 % )                     ;
;     Total combinational functions  ; 5,657 / 49,760 ( 11 % )                     ;
;     Dedicated logic registers      ; 5,865 / 49,760 ( 12 % )                     ;
; Total registers                    ; 5875                                        ;
; Total pins                         ; 26 / 360 ( 7 % )                            ;
; Total virtual pins                 ; 0                                           ;
; Total memory bits                  ; 29,760 / 1,677,312 ( 2 % )                  ;
; Embedded Multiplier 9-bit elements ; 0 / 288 ( 0 % )                             ;
; Total PLLs                         ; 1 / 4 ( 25 % )                              ;
; UFM blocks                         ; 0 / 1 ( 0 % )                               ;
; ADC blocks                         ; 0 / 2 ( 0 % )                               ;
+------------------------------------+---------------------------------------------+


+-----------------------------------------+
; Flow Settings                           ;
+-------------------+---------------------+
; Option            ; Setting             ;
+-------------------+---------------------+
; Start date & time ; 02/17/2019 13:39:30 ;
; Main task         ; Compilation         ;
; Revision Name     ; fyp_max10_tse_top   ;
+-------------------+---------------------+


+------------------------------------------------------------------------------------------------------------------------------------------------------------+
; Flow Non-Default Global Settings                                                                                                                           ;
+-------------------------------------+---------------------------------------------------------------------+---------------+-------------------+------------+
; Assignment Name                     ; Value                                                               ; Default Value ; Entity Name       ; Section Id ;
+-------------------------------------+---------------------------------------------------------------------+---------------+-------------------+------------+
; COMPILER_SIGNATURE_ID               ; 189262227699368.155041076903296                                     ; --            ; --                ; --         ;
; ENABLE_SIGNALTAP                    ; Off                                                                 ; --            ; --                ; --         ;
; MAX_CORE_JUNCTION_TEMP              ; 85                                                                  ; --            ; --                ; --         ;
; MIN_CORE_JUNCTION_TEMP              ; 0                                                                   ; --            ; --                ; --         ;
; MISC_FILE                           ; fyp_max10_tse_sys/synthesis/../fyp_max10_tse_sys.cmp                ; --            ; --                ; --         ;
; MISC_FILE                           ; fyp_max10_tse_sys/synthesis/../../fyp_max10_tse_sys.qsys            ; --            ; --                ; --         ;
; MISC_FILE                           ; fyp_eth_pll/fyp_eth_pll_inst.v                                      ; --            ; --                ; --         ;
; MISC_FILE                           ; fyp_eth_pll/fyp_eth_pll_bb.v                                        ; --            ; --                ; --         ;
; MISC_FILE                           ; fyp_eth_pll/fyp_eth_pll.ppf                                         ; --            ; --                ; --         ;
; NUM_PARALLEL_PROCESSORS             ; All                                                                 ; --            ; --                ; --         ;
; OUTPUT_IO_TIMING_FAR_END_VMEAS      ; Half Signal Swing                                                   ; --            ; --                ; --         ;
; OUTPUT_IO_TIMING_FAR_END_VMEAS      ; Half Signal Swing                                                   ; --            ; --                ; --         ;
; OUTPUT_IO_TIMING_NEAR_END_VMEAS     ; Half Vccio                                                          ; --            ; --                ; --         ;
; OUTPUT_IO_TIMING_NEAR_END_VMEAS     ; Half Vccio                                                          ; --            ; --                ; --         ;
; PARTITION_COLOR                     ; -- (Not supported for targeted family)                              ; --            ; --                ; Top        ;
; PARTITION_FITTER_PRESERVATION_LEVEL ; -- (Not supported for targeted family)                              ; --            ; --                ; Top        ;
; PARTITION_NETLIST_TYPE              ; -- (Not supported for targeted family)                              ; --            ; --                ; Top        ;
; POWER_BOARD_THERMAL_MODEL           ; None (CONSERVATIVE)                                                 ; --            ; --                ; --         ;
; POWER_PRESET_COOLING_SOLUTION       ; 23 MM HEAT SINK WITH 200 LFPM AIRFLOW                               ; --            ; --                ; --         ;
; PROJECT_OUTPUT_DIRECTORY            ; output_files                                                        ; --            ; --                ; --         ;
; SLD_FILE                            ; fyp_max10_tse_sys/synthesis/fyp_max10_tse_sys.regmap                ; --            ; --                ; --         ;
; SLD_FILE                            ; fyp_max10_tse_sys/synthesis/fyp_max10_tse_sys.debuginfo             ; --            ; --                ; --         ;
; SLD_INFO                            ; QSYS_NAME fyp_max10_tse_sys HAS_SOPCINFO 1 GENERATION_ID 1550334604 ; --            ; fyp_max10_tse_sys ; --         ;
; SOPCINFO_FILE                       ; fyp_max10_tse_sys/synthesis/../../fyp_max10_tse_sys.sopcinfo        ; --            ; --                ; --         ;
; SYNTHESIS_ONLY_QIP                  ; On                                                                  ; --            ; --                ; --         ;
; USE_SIGNALTAP_FILE                  ; output_files/stp1.stp                                               ; --            ; --                ; --         ;
+-------------------------------------+---------------------------------------------------------------------+---------------+-------------------+------------+


+--------------------------------------------------------------------------------------------------------------------------+
; Flow Elapsed Time                                                                                                        ;
+----------------------+--------------+-------------------------+---------------------+------------------------------------+
; Module Name          ; Elapsed Time ; Average Processors Used ; Peak Virtual Memory ; Total CPU Time (on all processors) ;
+----------------------+--------------+-------------------------+---------------------+------------------------------------+
; Analysis & Synthesis ; 00:02:22     ; 1.0                     ; 5008 MB             ; 00:03:15                           ;
; Fitter               ; 00:01:17     ; 1.6                     ; 6144 MB             ; 00:02:47                           ;
; Assembler            ; 00:00:08     ; 1.0                     ; 4734 MB             ; 00:00:08                           ;
; Timing Analyzer      ; 00:00:14     ; 2.6                     ; 4983 MB             ; 00:00:25                           ;
; Total                ; 00:04:01     ; --                      ; --                  ; 00:06:35                           ;
+----------------------+--------------+-------------------------+---------------------+------------------------------------+


+------------------------------------------------------------------------------------+
; Flow OS Summary                                                                    ;
+----------------------+------------------+------------+------------+----------------+
; Module Name          ; Machine Hostname ; OS Name    ; OS Version ; Processor type ;
+----------------------+------------------+------------+------------+----------------+
; Analysis & Synthesis ; DESKTOP-VHMHLP8  ; Windows 10 ; 10.0       ; x86_64         ;
; Fitter               ; DESKTOP-VHMHLP8  ; Windows 10 ; 10.0       ; x86_64         ;
; Assembler            ; DESKTOP-VHMHLP8  ; Windows 10 ; 10.0       ; x86_64         ;
; Timing Analyzer      ; DESKTOP-VHMHLP8  ; Windows 10 ; 10.0       ; x86_64         ;
+----------------------+------------------+------------+------------+----------------+


------------
; Flow Log ;
------------
quartus_map --read_settings_files=on --write_settings_files=off fyp_max10_tse -c fyp_max10_tse_top
quartus_fit --read_settings_files=off --write_settings_files=off fyp_max10_tse -c fyp_max10_tse_top
quartus_asm --read_settings_files=off --write_settings_files=off fyp_max10_tse -c fyp_max10_tse_top
quartus_sta fyp_max10_tse -c fyp_max10_tse_top



