Assembler report for fyp_max10_tse_top
Sun Feb 17 13:43:41 2019
Quartus Prime Version 18.1.0 Build 625 09/12/2018 SJ Lite Edition


---------------------
; Table of Contents ;
---------------------
  1. Legal Notice
  2. Assembler Summary
  3. Assembler Settings
  4. Assembler Encrypted IP Cores Summary
  5. Assembler Generated Files
  6. Assembler Device Options: C:/intelFPGA_lite/18.1/max10_packet_gen/output_files/fyp_max10_tse_top_time_limited.sof
  7. Assembler Messages



----------------
; Legal Notice ;
----------------
Copyright (C) 2018  Intel Corporation. All rights reserved.
Your use of Intel Corporation's design tools, logic functions 
and other software and tools, and its AMPP partner logic 
functions, and any output files from any of the foregoing 
(including device programming or simulation files), and any 
associated documentation or information are expressly subject 
to the terms and conditions of the Intel Program License 
Subscription Agreement, the Intel Quartus Prime License Agreement,
the Intel FPGA IP License Agreement, or other applicable license
agreement, including, without limitation, that your use is for
the sole purpose of programming logic devices manufactured by
Intel and sold by Intel or its authorized distributors.  Please
refer to the applicable agreement for further details.



+---------------------------------------------------------------+
; Assembler Summary                                             ;
+-----------------------+---------------------------------------+
; Assembler Status      ; Successful - Sun Feb 17 13:43:41 2019 ;
; Revision Name         ; fyp_max10_tse_top                     ;
; Top-level Entity Name ; fyp_max10_tse_top                     ;
; Family                ; MAX 10                                ;
; Device                ; 10M50DAF484C6GES                      ;
+-----------------------+---------------------------------------+


+----------------------------------+
; Assembler Settings               ;
+--------+---------+---------------+
; Option ; Setting ; Default Value ;
+--------+---------+---------------+


+------------------------------------------------------------+
; Assembler Encrypted IP Cores Summary                       ;
+--------+-----------------------------------+---------------+
; Vendor ; IP Core Name                      ; License Type  ;
+--------+-----------------------------------+---------------+
; Altera ; Triple-Speed Ethernet (6AF7 00BD) ; OpenCore Plus ;
; Altera ; Signal Tap (6AF7 BCE1)            ; Licensed      ;
; Altera ; Signal Tap (6AF7 BCEC)            ; Licensed      ;
+--------+-----------------------------------+---------------+


+-----------------------------------------------------------------------------------------+
; Assembler Generated Files                                                               ;
+-----------------------------------------------------------------------------------------+
; File Name                                                                               ;
+-----------------------------------------------------------------------------------------+
; C:/intelFPGA_lite/18.1/max10_packet_gen/output_files/fyp_max10_tse_top_time_limited.sof ;
+-----------------------------------------------------------------------------------------+


+-------------------------------------------------------------------------------------------------------------------+
; Assembler Device Options: C:/intelFPGA_lite/18.1/max10_packet_gen/output_files/fyp_max10_tse_top_time_limited.sof ;
+----------------+--------------------------------------------------------------------------------------------------+
; Option         ; Setting                                                                                          ;
+----------------+--------------------------------------------------------------------------------------------------+
; JTAG usercode  ; 0x006D873D                                                                                       ;
; Checksum       ; 0x006D873D                                                                                       ;
+----------------+--------------------------------------------------------------------------------------------------+


+--------------------+
; Assembler Messages ;
+--------------------+
Info: *******************************************************************
Info: Running Quartus Prime Assembler
    Info: Version 18.1.0 Build 625 09/12/2018 SJ Lite Edition
    Info: Processing started: Sun Feb 17 13:43:33 2019
Info: Command: quartus_asm --read_settings_files=off --write_settings_files=off fyp_max10_tse -c fyp_max10_tse_top
Warning (125092): Tcl Script File fyp_clkctrl/fyp_clkctrl/synthesis/fyp_clkctrl.qip not found
    Info (125063): set_global_assignment -name QIP_FILE fyp_clkctrl/fyp_clkctrl/synthesis/fyp_clkctrl.qip
Warning (125092): Tcl Script File fyp_gpio/fyp_gpio.qip not found
    Info (125063): set_global_assignment -name QIP_FILE fyp_gpio/fyp_gpio.qip
Warning (125092): Tcl Script File fyp_gpio/fyp_gpio.sip not found
    Info (125063): set_global_assignment -name SIP_FILE fyp_gpio/fyp_gpio.sip
Info (115031): Writing out detailed assembly data for power analysis
Info (115030): Assembler is generating device programming files
Info (115017): Design contains a time-limited core -- only a single, time-limited programming file can be generated
Info: Quartus Prime Assembler was successful. 0 errors, 3 warnings
    Info: Peak virtual memory: 4734 megabytes
    Info: Processing ended: Sun Feb 17 13:43:41 2019
    Info: Elapsed time: 00:00:08
    Info: Total CPU time (on all processors): 00:00:08


